Using pre-set license
Built from '2020.3/staging' branch; Version is '2020.3.4f1 (0abb6314276a) revision 703331'; Using compiler version '192528614'; Build Type 'Release'
OS: 'Windows 10 Home; OS build 18363.1440; Version 1909; 64bit' Language: 'en' Physical Memory: 16348 MB
BatchMode: 1, IsHumanControllingUs: 0, StartBugReporterOnCrash: 0, Is64bit: 1, IsPro: 0

 COMMAND LINE ARGUMENTS:
C:\Program Files\Unity\Hub\Editor\2020.3.4f1\Editor\Unity.exe
-adb2
-batchMode
-noUpm
-name
AssetImportWorker0
-projectPath
C:/Users/Thad/Desktop/Hold The Fort
-logFile
Logs/AssetImportWorker0.log
-srvPort
63918
Successfully changed project path to: C:/Users/Thad/Desktop/Hold The Fort
C:/Users/Thad/Desktop/Hold The Fort
Using Asset Import Pipeline V2.
Refreshing native plugins compatible for Editor in 26.89 ms, found 0 plugins.
Preloading 0 native plugins for Editor in 0.00 ms.
Initialize engine version: 2020.3.4f1 (0abb6314276a)
[Subsystems] Discovering subsystems at path C:/Program Files/Unity/Hub/Editor/2020.3.4f1/Editor/Data/Resources/UnitySubsystems
[Subsystems] Discovering subsystems at path C:/Users/Thad/Desktop/Hold The Fort/Assets
GfxDevice: creating device client; threaded=0
Direct3D:
    Version:  Direct3D 11.0 [level 11.1]
    Renderer: NVIDIA GeForce GTX 1080 Ti (ID=0x1b06)
    Vendor:   
    VRAM:     11127 MB
    Driver:   27.21.14.6079
Initialize mono
Mono path[0] = 'C:/Program Files/Unity/Hub/Editor/2020.3.4f1/Editor/Data/Managed'
Mono path[1] = 'C:/Program Files/Unity/Hub/Editor/2020.3.4f1/Editor/Data/MonoBleedingEdge/lib/mono/unityjit'
Mono config path = 'C:/Program Files/Unity/Hub/Editor/2020.3.4f1/Editor/Data/MonoBleedingEdge/etc'
Using monoOptions --debugger-agent=transport=dt_socket,embedding=1,server=y,suspend=n,address=127.0.0.1:56716
Begin MonoManager ReloadAssembly
Registering precompiled unity dll's ...
Register platform support module: C:/Program Files/Unity/Hub/Editor/2020.3.4f1/Editor/Data/PlaybackEngines/WebGLSupport/UnityEditor.WebGL.Extensions.dll
Register platform support module: C:/Program Files/Unity/Hub/Editor/2020.3.4f1/Editor/Data/PlaybackEngines/WindowsStandaloneSupport/UnityEditor.WindowsStandalone.Extensions.dll
Registered in 0.002886 seconds.
Native extension for WindowsStandalone target not found
Native extension for WebGL target not found
Refreshing native plugins compatible for Editor in 26.74 ms, found 0 plugins.
Preloading 0 native plugins for Editor in 0.00 ms.
Unable to find bridge dll in registry for Microsoft Visual Studio Tools for Unity for C:/Program Files (x86)/Microsoft Visual Studio/2019/Community/Common7/IDE/devenv.exe
Mono: successfully reloaded assembly
- Completed reload, in  1.300 seconds
Platform modules already initialized, skipping
Registering precompiled user dll's ...
Registered in 0.001536 seconds.
Begin MonoManager ReloadAssembly
Native extension for WindowsStandalone target not found
Native extension for WebGL target not found
Refreshing native plugins compatible for Editor in 0.21 ms, found 0 plugins.
Preloading 0 native plugins for Editor in 0.00 ms.
Mono: successfully reloaded assembly
- Completed reload, in  0.847 seconds
Platform modules already initialized, skipping
========================================================================
Worker process is ready to serve import requests
Launched and connected shader compiler UnityShaderCompiler.exe after 0.05 seconds
Refreshing native plugins compatible for Editor in 0.21 ms, found 0 plugins.
Preloading 0 native plugins for Editor in 0.00 ms.
Unloading 1250 Unused Serialized files (Serialized files now loaded: 0)
System memory in use before: 61.9 MB.
System memory in use after: 62.0 MB.

Unloading 12 unused Assets to reduce memory usage. Loaded Objects now: 1700.
Total: 1.642400 ms (FindLiveObjects: 0.130400 ms CreateObjectMapping: 0.051900 ms MarkObjects: 1.437200 ms  DeleteObjects: 0.022000 ms)

========================================================================
Received Import Request.
  path: Assets/Sounds/SFX/bat-bonk.wav
  artifactKey: Guid(d4e4a57219b1afa419dc292553dfcf14) Importer(815301076,1909f56bfc062723c751e8b465ee728b)
Start importing Assets/Sounds/SFX/bat-bonk.wav using Guid(d4e4a57219b1afa419dc292553dfcf14) Importer(815301076,1909f56bfc062723c751e8b465ee728b)  -> (artifact id: 'd1ab85af9f5a3321ca2671a101a9bc70') in 0.065672 seconds
  Import took 0.068050 seconds .

========================================================================
Received Prepare
Refreshing native plugins compatible for Editor in 0.79 ms, found 0 plugins.
Preloading 0 native plugins for Editor in 0.00 ms.
Unloading 3 Unused Serialized files (Serialized files now loaded: 0)
System memory in use before: 37.0 MB.
System memory in use after: 37.1 MB.

Unloading 2 unused Assets to reduce memory usage. Loaded Objects now: 1700.
Total: 3.278400 ms (FindLiveObjects: 0.450700 ms CreateObjectMapping: 0.055500 ms MarkObjects: 2.757800 ms  DeleteObjects: 0.013000 ms)

========================================================================
Received Import Request.
  Time since last request: 9.675500 seconds.
  path: Assets/Sounds/SFX/bat-hit-1.wav
  artifactKey: Guid(53851a118015c7c40b81e144b9a78ff0) Importer(815301076,1909f56bfc062723c751e8b465ee728b)
Start importing Assets/Sounds/SFX/bat-hit-1.wav using Guid(53851a118015c7c40b81e144b9a78ff0) Importer(815301076,1909f56bfc062723c751e8b465ee728b)  -> (artifact id: '9fa7e9945a2411a7278634371b88931b') in 0.003007 seconds
  Import took 0.004972 seconds .

========================================================================
Received Import Request.
  Time since last request: 0.003287 seconds.
  path: Assets/Sounds/SFX/bat-hit-1.wav
  artifactKey: Guid(53851a118015c7c40b81e144b9a78ff0) Importer(815301076,1909f56bfc062723c751e8b465ee728b)
Start importing Assets/Sounds/SFX/bat-hit-1.wav using Guid(53851a118015c7c40b81e144b9a78ff0) Importer(815301076,1909f56bfc062723c751e8b465ee728b)  -> (artifact id: '9fa7e9945a2411a7278634371b88931b') in 0.003524 seconds
  Import took 0.005492 seconds .

========================================================================
Received Import Request.
  Time since last request: 16.132666 seconds.
  path: Assets/Sounds/SFX/block-place-1.wav
  artifactKey: Guid(e740e28d8c5fb554c940e53211eebcda) Importer(815301076,1909f56bfc062723c751e8b465ee728b)
Start importing Assets/Sounds/SFX/block-place-1.wav using Guid(e740e28d8c5fb554c940e53211eebcda) Importer(815301076,1909f56bfc062723c751e8b465ee728b)  -> (artifact id: '133441ed4d60c1810f4d34ac02529aab') in 0.114003 seconds
  Import took 0.115939 seconds .

========================================================================
Received Import Request.
  Time since last request: 0.000210 seconds.
  path: Assets/Sounds/SFX/win.wav
  artifactKey: Guid(39339d7b5cfc297429a32c32d157bf5d) Importer(815301076,1909f56bfc062723c751e8b465ee728b)
Start importing Assets/Sounds/SFX/win.wav using Guid(39339d7b5cfc297429a32c32d157bf5d) Importer(815301076,1909f56bfc062723c751e8b465ee728b)  -> (artifact id: '37868b2753b486f244c43a5dab56e7cc') in 0.006923 seconds
  Import took 0.008974 seconds .

========================================================================
Received Import Request.
  Time since last request: 0.000218 seconds.
  path: Assets/Sounds/SFX/hurt-2b.wav
  artifactKey: Guid(f465f00efb7838346b33b7301d2e98b4) Importer(815301076,1909f56bfc062723c751e8b465ee728b)
Start importing Assets/Sounds/SFX/hurt-2b.wav using Guid(f465f00efb7838346b33b7301d2e98b4) Importer(815301076,1909f56bfc062723c751e8b465ee728b)  -> (artifact id: '53050e291ffeb38652f42dc8c29607c4') in 0.008655 seconds
  Import took 0.010598 seconds .

========================================================================
Received Import Request.
  Time since last request: 0.000191 seconds.
  path: Assets/Sounds/SFX/hurt-1b.wav
  artifactKey: Guid(b6a3a82967aae104f9b6b446cbf378e8) Importer(815301076,1909f56bfc062723c751e8b465ee728b)
Start importing Assets/Sounds/SFX/hurt-1b.wav using Guid(b6a3a82967aae104f9b6b446cbf378e8) Importer(815301076,1909f56bfc062723c751e8b465ee728b)  -> (artifact id: 'f5566ed1e6eaf6ff9af1b9121c4abcf5') in 0.006651 seconds
  Import took 0.008696 seconds .

========================================================================
Received Import Request.
  Time since last request: 0.000420 seconds.
  path: Assets/Sounds/SFX/clickClack2.wav
  artifactKey: Guid(5d105184cfcd51e40a423f34ecfc120d) Importer(815301076,1909f56bfc062723c751e8b465ee728b)
Start importing Assets/Sounds/SFX/clickClack2.wav using Guid(5d105184cfcd51e40a423f34ecfc120d) Importer(815301076,1909f56bfc062723c751e8b465ee728b)  -> (artifact id: '3bbe927a9cc163bee87b5024f62bf837') in 0.008317 seconds
  Import took 0.010346 seconds .

========================================================================
Received Import Request.
  Time since last request: 0.000205 seconds.
  path: Assets/Sounds/SFX/block-break-1.wav
  artifactKey: Guid(fedd0e8156b136f4a85ca29031dbcfb0) Importer(815301076,1909f56bfc062723c751e8b465ee728b)
Start importing Assets/Sounds/SFX/block-break-1.wav using Guid(fedd0e8156b136f4a85ca29031dbcfb0) Importer(815301076,1909f56bfc062723c751e8b465ee728b)  -> (artifact id: 'c53ef3ec85c950f119c995bde78bb9b4') in 0.008490 seconds
  Import took 0.011201 seconds .

========================================================================
Received Import Request.
  Time since last request: 0.000301 seconds.
  path: Assets/Sounds/SFX/item-2.wav
  artifactKey: Guid(af68a93052868cb4c9731c20d3695428) Importer(815301076,1909f56bfc062723c751e8b465ee728b)
Start importing Assets/Sounds/SFX/item-2.wav using Guid(af68a93052868cb4c9731c20d3695428) Importer(815301076,1909f56bfc062723c751e8b465ee728b)  -> (artifact id: '66add731e3f45abaa7b12bc8fe8d9670') in 0.007385 seconds
  Import took 0.009666 seconds .

========================================================================
Received Import Request.
  Time since last request: 0.000186 seconds.
  path: Assets/Sounds/SFX/lose.wav
  artifactKey: Guid(473db2112fef41948af196d95bb475d4) Importer(815301076,1909f56bfc062723c751e8b465ee728b)
Start importing Assets/Sounds/SFX/lose.wav using Guid(473db2112fef41948af196d95bb475d4) Importer(815301076,1909f56bfc062723c751e8b465ee728b)  -> (artifact id: '54f6b7d2d8797a424577055086c67357') in 0.008499 seconds
  Import took 0.011672 seconds .

========================================================================
Received Import Request.
  Time since last request: 0.000190 seconds.
  path: Assets/Sounds/SFX/block-break-2.wav
  artifactKey: Guid(3f28373d2e84f4f4ab672797f9d95194) Importer(815301076,1909f56bfc062723c751e8b465ee728b)
Start importing Assets/Sounds/SFX/block-break-2.wav using Guid(3f28373d2e84f4f4ab672797f9d95194) Importer(815301076,1909f56bfc062723c751e8b465ee728b)  -> (artifact id: '15d5871aa4afcfbc47e1f1450217fadf') in 0.010050 seconds
  Import took 0.012690 seconds .

========================================================================
Received Import Request.
  Time since last request: 0.000191 seconds.
  path: Assets/Sounds/SFX/bat-hit-2.wav
  artifactKey: Guid(09528bfe8cc97614c9109e807eec2a79) Importer(815301076,1909f56bfc062723c751e8b465ee728b)
Start importing Assets/Sounds/SFX/bat-hit-2.wav using Guid(09528bfe8cc97614c9109e807eec2a79) Importer(815301076,1909f56bfc062723c751e8b465ee728b)  -> (artifact id: 'b9e255c0192b35760603da5ad9562ee6') in 0.007578 seconds
  Import took 0.010018 seconds .

========================================================================
Received Import Request.
  Time since last request: 0.000251 seconds.
  path: Assets/Sounds/SFX/bat-swing.wav
  artifactKey: Guid(009805808bc708449b943eb0ff4d3360) Importer(815301076,1909f56bfc062723c751e8b465ee728b)
Start importing Assets/Sounds/SFX/bat-swing.wav using Guid(009805808bc708449b943eb0ff4d3360) Importer(815301076,1909f56bfc062723c751e8b465ee728b)  -> (artifact id: '1b6add2059d5642c757c557ebdfd3cec') in 0.006233 seconds
  Import took 0.008503 seconds .

========================================================================
Received Import Request.
  Time since last request: 0.000285 seconds.
  path: Assets/Sounds/SFX/block-place-2.wav
  artifactKey: Guid(832bd734e9dc08f4c80497fd4090a174) Importer(815301076,1909f56bfc062723c751e8b465ee728b)
Start importing Assets/Sounds/SFX/block-place-2.wav using Guid(832bd734e9dc08f4c80497fd4090a174) Importer(815301076,1909f56bfc062723c751e8b465ee728b)  -> (artifact id: '9e29b7c87db4a81cb5c3ead11bd76fbc') in 0.009132 seconds
  Import took 0.011327 seconds .

========================================================================
Received Import Request.
  Time since last request: 0.000194 seconds.
  path: Assets/Sounds/SFX/bat-hit-1.wav
  artifactKey: Guid(53851a118015c7c40b81e144b9a78ff0) Importer(815301076,1909f56bfc062723c751e8b465ee728b)
Start importing Assets/Sounds/SFX/bat-hit-1.wav using Guid(53851a118015c7c40b81e144b9a78ff0) Importer(815301076,1909f56bfc062723c751e8b465ee728b)  -> (artifact id: 'afd5680f9fd5ec336b493281f829e639') in 0.005934 seconds
  Import took 0.007951 seconds .

========================================================================
Received Import Request.
  Time since last request: 0.000220 seconds.
  path: Assets/Sounds/SFX/bat-bonk.wav
  artifactKey: Guid(d4e4a57219b1afa419dc292553dfcf14) Importer(815301076,1909f56bfc062723c751e8b465ee728b)
Start importing Assets/Sounds/SFX/bat-bonk.wav using Guid(d4e4a57219b1afa419dc292553dfcf14) Importer(815301076,1909f56bfc062723c751e8b465ee728b)  -> (artifact id: '99ad2dcc99427174a9225e2c9228c583') in 0.010108 seconds
  Import took 0.012874 seconds .

========================================================================
Received Import Request.
  Time since last request: 0.000205 seconds.
  path: Assets/Sounds/SFX/bat-hit-1.wav
  artifactKey: Guid(53851a118015c7c40b81e144b9a78ff0) Importer(815301076,1909f56bfc062723c751e8b465ee728b)
Start importing Assets/Sounds/SFX/bat-hit-1.wav using Guid(53851a118015c7c40b81e144b9a78ff0) Importer(815301076,1909f56bfc062723c751e8b465ee728b)  -> (artifact id: 'afd5680f9fd5ec336b493281f829e639') in 0.007794 seconds
  Import took 0.010408 seconds .

========================================================================
Received Import Request.
  Time since last request: 0.000217 seconds.
  path: Assets/Sounds/SFX/item-1.wav
  artifactKey: Guid(a04487762009bd64f9dbe555cfd74495) Importer(815301076,1909f56bfc062723c751e8b465ee728b)
Start importing Assets/Sounds/SFX/item-1.wav using Guid(a04487762009bd64f9dbe555cfd74495) Importer(815301076,1909f56bfc062723c751e8b465ee728b)  -> (artifact id: '352b07abadc70f642c911ee5f269a35b') in 0.006526 seconds
  Import took 0.008925 seconds .

========================================================================
Received Import Request.
  Time since last request: 0.004761 seconds.
  path: Assets/Sounds/SFX/item-1.wav
  artifactKey: Guid(a04487762009bd64f9dbe555cfd74495) Importer(815301076,1909f56bfc062723c751e8b465ee728b)
Start importing Assets/Sounds/SFX/item-1.wav using Guid(a04487762009bd64f9dbe555cfd74495) Importer(815301076,1909f56bfc062723c751e8b465ee728b)  -> (artifact id: '352b07abadc70f642c911ee5f269a35b') in 0.008309 seconds
  Import took 0.010377 seconds .

========================================================================
Received Prepare
Registering precompiled user dll's ...
Registered in 0.001175 seconds.
Begin MonoManager ReloadAssembly
Native extension for WindowsStandalone target not found
Native extension for WebGL target not found
Refreshing native plugins compatible for Editor in 0.37 ms, found 0 plugins.
Preloading 0 native plugins for Editor in 0.06 ms.
Mono: successfully reloaded assembly
- Completed reload, in  1.366 seconds
Platform modules already initialized, skipping
Refreshing native plugins compatible for Editor in 0.20 ms, found 0 plugins.
Preloading 0 native plugins for Editor in 0.00 ms.
Unloading 1244 Unused Serialized files (Serialized files now loaded: 0)
System memory in use before: 65.0 MB.
System memory in use after: 65.1 MB.

Unloading 4 unused Assets to reduce memory usage. Loaded Objects now: 1712.
Total: 1.445300 ms (FindLiveObjects: 0.130400 ms CreateObjectMapping: 0.039000 ms MarkObjects: 1.261400 ms  DeleteObjects: 0.013100 ms)

========================================================================
Received Import Request.
  Time since last request: 37.866642 seconds.
  path: Assets/Sounds/Music/cen-main.mp3
  artifactKey: Guid(690b19a58437c514ab049a9f66493fcb) Importer(815301076,1909f56bfc062723c751e8b465ee728b)
Start importing Assets/Sounds/Music/cen-main.mp3 using Guid(690b19a58437c514ab049a9f66493fcb) Importer(815301076,1909f56bfc062723c751e8b465ee728b)  -> (artifact id: '6d0c2431b3d15b950528ee8d1e952b04') in 0.020379 seconds
  Import took 0.022288 seconds .

========================================================================
Received Import Request.
  Time since last request: 0.000707 seconds.
  path: Assets/Sounds/Music/cen-main.mp3
  artifactKey: Guid(690b19a58437c514ab049a9f66493fcb) Importer(815301076,1909f56bfc062723c751e8b465ee728b)
Start importing Assets/Sounds/Music/cen-main.mp3 using Guid(690b19a58437c514ab049a9f66493fcb) Importer(815301076,1909f56bfc062723c751e8b465ee728b)  -> (artifact id: '6d0c2431b3d15b950528ee8d1e952b04') in 0.003815 seconds
  Import took 0.006967 seconds .

========================================================================
Received Import Request.
  Time since last request: 11.838432 seconds.
  path: Assets/Sounds/Music/cen-main.mp3
  artifactKey: Guid(690b19a58437c514ab049a9f66493fcb) Importer(815301076,1909f56bfc062723c751e8b465ee728b)
Start importing Assets/Sounds/Music/cen-main.mp3 using Guid(690b19a58437c514ab049a9f66493fcb) Importer(815301076,1909f56bfc062723c751e8b465ee728b)  -> (artifact id: 'a8b5e60f5c0f67e00ebbcad9be7d1f03') in 0.217122 seconds
  Import took 0.223438 seconds .

========================================================================
Received Prepare
Registering precompiled user dll's ...
Registered in 0.000889 seconds.
Begin MonoManager ReloadAssembly
Native extension for WindowsStandalone target not found
Native extension for WebGL target not found
Refreshing native plugins compatible for Editor in 0.22 ms, found 0 plugins.
Preloading 0 native plugins for Editor in 0.00 ms.
Mono: successfully reloaded assembly
- Completed reload, in  0.836 seconds
Platform modules already initialized, skipping
Refreshing native plugins compatible for Editor in 0.22 ms, found 0 plugins.
Preloading 0 native plugins for Editor in 0.00 ms.
Unloading 1244 Unused Serialized files (Serialized files now loaded: 0)
System memory in use before: 65.0 MB.
System memory in use after: 65.1 MB.

Unloading 4 unused Assets to reduce memory usage. Loaded Objects now: 1716.
Total: 1.515100 ms (FindLiveObjects: 0.128800 ms CreateObjectMapping: 0.036400 ms MarkObjects: 1.333600 ms  DeleteObjects: 0.015100 ms)

========================================================================
Received Prepare
Refreshing native plugins compatible for Editor in 0.98 ms, found 0 plugins.
Preloading 0 native plugins for Editor in 0.00 ms.
Unloading 3 Unused Serialized files (Serialized files now loaded: 0)
System memory in use before: 40.4 MB.
System memory in use after: 40.5 MB.

Unloading 2 unused Assets to reduce memory usage. Loaded Objects now: 1716.
Total: 1.705100 ms (FindLiveObjects: 0.192400 ms CreateObjectMapping: 0.051800 ms MarkObjects: 1.445800 ms  DeleteObjects: 0.013500 ms)

========================================================================
Received Prepare
Registering precompiled user dll's ...
Registered in 0.000917 seconds.
Begin MonoManager ReloadAssembly
Native extension for WindowsStandalone target not found
Native extension for WebGL target not found
Refreshing native plugins compatible for Editor in 0.31 ms, found 0 plugins.
Preloading 0 native plugins for Editor in 0.00 ms.
Mono: successfully reloaded assembly
- Completed reload, in  1.588 seconds
Platform modules already initialized, skipping
Refreshing native plugins compatible for Editor in 0.22 ms, found 0 plugins.
Preloading 0 native plugins for Editor in 0.00 ms.
Unloading 1244 Unused Serialized files (Serialized files now loaded: 0)
System memory in use before: 65.0 MB.
System memory in use after: 65.1 MB.

Unloading 4 unused Assets to reduce memory usage. Loaded Objects now: 1719.
Total: 1.908300 ms (FindLiveObjects: 0.139400 ms CreateObjectMapping: 0.041700 ms MarkObjects: 1.691500 ms  DeleteObjects: 0.034500 ms)

========================================================================
Received Prepare
Refreshing native plugins compatible for Editor in 1.56 ms, found 0 plugins.
Preloading 0 native plugins for Editor in 0.00 ms.
Unloading 3 Unused Serialized files (Serialized files now loaded: 0)
System memory in use before: 40.4 MB.
System memory in use after: 40.5 MB.

Unloading 2 unused Assets to reduce memory usage. Loaded Objects now: 1719.
Total: 16.504600 ms (FindLiveObjects: 1.620300 ms CreateObjectMapping: 0.133600 ms MarkObjects: 14.733200 ms  DeleteObjects: 0.015700 ms)

========================================================================
Received Prepare
Registering precompiled user dll's ...
Registered in 0.000989 seconds.
Begin MonoManager ReloadAssembly
Native extension for WindowsStandalone target not found
Native extension for WebGL target not found
Refreshing native plugins compatible for Editor in 0.24 ms, found 0 plugins.
Preloading 0 native plugins for Editor in 0.00 ms.
Mono: successfully reloaded assembly
- Completed reload, in  4.429 seconds
Platform modules already initialized, skipping
Refreshing native plugins compatible for Editor in 0.27 ms, found 0 plugins.
Preloading 0 native plugins for Editor in 0.00 ms.
Unloading 1244 Unused Serialized files (Serialized files now loaded: 0)
System memory in use before: 65.0 MB.
System memory in use after: 65.1 MB.

Unloading 4 unused Assets to reduce memory usage. Loaded Objects now: 1722.
Total: 1.617700 ms (FindLiveObjects: 0.172300 ms CreateObjectMapping: 0.043100 ms MarkObjects: 1.385700 ms  DeleteObjects: 0.015500 ms)

========================================================================
Received Prepare
Refreshing native plugins compatible for Editor in 35.85 ms, found 0 plugins.
Preloading 0 native plugins for Editor in 0.00 ms.
Unloading 3 Unused Serialized files (Serialized files now loaded: 0)
System memory in use before: 40.4 MB.
System memory in use after: 40.5 MB.

Unloading 2 unused Assets to reduce memory usage. Loaded Objects now: 1722.
Total: 15.768100 ms (FindLiveObjects: 0.192900 ms CreateObjectMapping: 0.046800 ms MarkObjects: 15.496300 ms  DeleteObjects: 0.030800 ms)

========================================================================
Received Prepare
Refreshing native plugins compatible for Editor in 0.91 ms, found 0 plugins.
Preloading 0 native plugins for Editor in 0.00 ms.
Unloading 3 Unused Serialized files (Serialized files now loaded: 0)
System memory in use before: 40.4 MB.
System memory in use after: 40.5 MB.

Unloading 2 unused Assets to reduce memory usage. Loaded Objects now: 1722.
Total: 2.677900 ms (FindLiveObjects: 0.161000 ms CreateObjectMapping: 0.047100 ms MarkObjects: 2.453600 ms  DeleteObjects: 0.014500 ms)

========================================================================
Received Prepare
Refreshing native plugins compatible for Editor in 0.77 ms, found 0 plugins.
Preloading 0 native plugins for Editor in 0.00 ms.
Unloading 3 Unused Serialized files (Serialized files now loaded: 0)
System memory in use before: 40.4 MB.
System memory in use after: 40.5 MB.

Unloading 2 unused Assets to reduce memory usage. Loaded Objects now: 1722.
Total: 2.350600 ms (FindLiveObjects: 0.154400 ms CreateObjectMapping: 0.046200 ms MarkObjects: 2.133500 ms  DeleteObjects: 0.014900 ms)

========================================================================
Received Import Request.
  Time since last request: 2484.224563 seconds.
  path: Assets/Prefabs/4Block.prefab
  artifactKey: Guid(f37c5d7a8a9d42a48a6a9f95b6985c37) Importer(815301076,1909f56bfc062723c751e8b465ee728b)
Start importing Assets/Prefabs/4Block.prefab using Guid(f37c5d7a8a9d42a48a6a9f95b6985c37) Importer(815301076,1909f56bfc062723c751e8b465ee728b)  -> (artifact id: 'b26d1a70e0d5cf24b6b5ebb228268688') in 0.078196 seconds
  Import took 0.080651 seconds .

========================================================================
Received Import Request.
  Time since last request: 0.000388 seconds.
  path: Assets/Prefabs/Brick.prefab
  artifactKey: Guid(ca609faf2d019d8449879f4132a07a46) Importer(815301076,1909f56bfc062723c751e8b465ee728b)
Start importing Assets/Prefabs/Brick.prefab using Guid(ca609faf2d019d8449879f4132a07a46) Importer(815301076,1909f56bfc062723c751e8b465ee728b)  -> (artifact id: '1f6992e97705c3f94b124adadc2cd20e') in 0.034738 seconds
  Import took 0.037554 seconds .

========================================================================
Received Import Request.
  Time since last request: 0.000299 seconds.
  path: Assets/Prefabs/Stone.prefab
  artifactKey: Guid(d60b301174b6627478351cfe4329dab0) Importer(815301076,1909f56bfc062723c751e8b465ee728b)
Start importing Assets/Prefabs/Stone.prefab using Guid(d60b301174b6627478351cfe4329dab0) Importer(815301076,1909f56bfc062723c751e8b465ee728b)  -> (artifact id: '1f609f25f9d5c3aa6e61fd83cfe182df') in 0.015658 seconds
  Import took 0.017863 seconds .

========================================================================
Received Import Request.
  Time since last request: 0.000230 seconds.
  path: Assets/Prefabs/Brick.prefab
  artifactKey: Guid(ca609faf2d019d8449879f4132a07a46) Importer(815301076,1909f56bfc062723c751e8b465ee728b)
Start importing Assets/Prefabs/Brick.prefab using Guid(ca609faf2d019d8449879f4132a07a46) Importer(815301076,1909f56bfc062723c751e8b465ee728b)  -> (artifact id: '1f6992e97705c3f94b124adadc2cd20e') in 0.015753 seconds
  Import took 0.018904 seconds .

========================================================================
Received Import Request.
  Time since last request: 0.000236 seconds.
  path: Assets/Prefabs/GDALogo.prefab
  artifactKey: Guid(71609c322ca88334ebf8af027be7d28a) Importer(815301076,1909f56bfc062723c751e8b465ee728b)
Start importing Assets/Prefabs/GDALogo.prefab using Guid(71609c322ca88334ebf8af027be7d28a) Importer(815301076,1909f56bfc062723c751e8b465ee728b)  -> (artifact id: 'b2953afda16e8b0507b6272aeebbfcc8') in 0.013718 seconds
  Import took 0.016237 seconds .

========================================================================
Received Import Request.
  Time since last request: 0.000236 seconds.
  path: Assets/Prefabs/football.prefab
  artifactKey: Guid(2fb7c3c2abee59644b026bd11e9aaceb) Importer(815301076,1909f56bfc062723c751e8b465ee728b)
Start importing Assets/Prefabs/football.prefab using Guid(2fb7c3c2abee59644b026bd11e9aaceb) Importer(815301076,1909f56bfc062723c751e8b465ee728b)  -> (artifact id: 'f3ce20f505c2ecd7549cacbc04a1ab79') in 0.015177 seconds
  Import took 0.017580 seconds .

========================================================================
Received Import Request.
  Time since last request: 0.000102 seconds.
  path: Assets/Prefabs/Hat.prefab
  artifactKey: Guid(7d60b6b976d6b9343a37d0aa21c85d16) Importer(815301076,1909f56bfc062723c751e8b465ee728b)
Start importing Assets/Prefabs/Hat.prefab using Guid(7d60b6b976d6b9343a37d0aa21c85d16) Importer(815301076,1909f56bfc062723c751e8b465ee728b)  -> (artifact id: '0b460d42226304ae44a8eeb9f06f593c') in 0.072847 seconds
  Import took 0.079116 seconds .

========================================================================
Received Import Request.
  Time since last request: 0.000239 seconds.
  path: Assets/Prefabs/Drink.prefab
  artifactKey: Guid(d7a14fa0fb0ba4847ad0c6d567079d16) Importer(815301076,1909f56bfc062723c751e8b465ee728b)
Start importing Assets/Prefabs/Drink.prefab using Guid(d7a14fa0fb0ba4847ad0c6d567079d16) Importer(815301076,1909f56bfc062723c751e8b465ee728b)  -> (artifact id: '9c810aabc77b0a986fb2a93eae83f942') in 0.032581 seconds
  Import took 0.036390 seconds .

========================================================================
Received Import Request.
  Time since last request: 0.000311 seconds.
  path: Assets/Prefabs/Mask.prefab
  artifactKey: Guid(27de6398550d5da45b7fb54d66c0f91f) Importer(815301076,1909f56bfc062723c751e8b465ee728b)
Start importing Assets/Prefabs/Mask.prefab using Guid(27de6398550d5da45b7fb54d66c0f91f) Importer(815301076,1909f56bfc062723c751e8b465ee728b)  -> (artifact id: '9ffd5bfa5196fdc138f08b5c98bcc204') in 0.012377 seconds
  Import took 0.014482 seconds .

========================================================================
Received Import Request.
  Time since last request: 1.850351 seconds.
  path: Assets/Prefabs/UI/Row.prefab
  artifactKey: Guid(5da760800fdb31c4b923ceb8e608443f) Importer(815301076,1909f56bfc062723c751e8b465ee728b)
Start importing Assets/Prefabs/UI/Row.prefab using Guid(5da760800fdb31c4b923ceb8e608443f) Importer(815301076,1909f56bfc062723c751e8b465ee728b)  -> (artifact id: '60f3fdb14dfcb7d95de6889c8e93d8c5') in 0.029206 seconds
  Import took 0.032105 seconds .

========================================================================
Received Import Request.
  Time since last request: 10.715898 seconds.
  path: Assets/Prefabs/UI/Row.prefab
  artifactKey: Guid(5da760800fdb31c4b923ceb8e608443f) Importer(815301076,1909f56bfc062723c751e8b465ee728b)
Start importing Assets/Prefabs/UI/Row.prefab using Guid(5da760800fdb31c4b923ceb8e608443f) Importer(815301076,1909f56bfc062723c751e8b465ee728b)  -> (artifact id: '2a9170bd037178da351938c951f455a5') in 0.007806 seconds
  Import took 0.010578 seconds .

========================================================================
Received Prepare
Registering precompiled user dll's ...
Registered in 0.000802 seconds.
Begin MonoManager ReloadAssembly
Native extension for WindowsStandalone target not found
Native extension for WebGL target not found
Refreshing native plugins compatible for Editor in 0.20 ms, found 0 plugins.
Preloading 0 native plugins for Editor in 0.00 ms.
Mono: successfully reloaded assembly
- Completed reload, in  4.627 seconds
Platform modules already initialized, skipping
Refreshing native plugins compatible for Editor in 0.21 ms, found 0 plugins.
Preloading 0 native plugins for Editor in 0.00 ms.
Unloading 1244 Unused Serialized files (Serialized files now loaded: 0)
System memory in use before: 65.1 MB.
System memory in use after: 65.2 MB.

Unloading 4 unused Assets to reduce memory usage. Loaded Objects now: 1726.
Total: 2.055400 ms (FindLiveObjects: 0.136800 ms CreateObjectMapping: 0.043300 ms MarkObjects: 1.857600 ms  DeleteObjects: 0.016400 ms)

========================================================================
Received Prepare
Refreshing native plugins compatible for Editor in 1.03 ms, found 0 plugins.
Preloading 0 native plugins for Editor in 0.00 ms.
Unloading 3 Unused Serialized files (Serialized files now loaded: 0)
System memory in use before: 40.5 MB.
System memory in use after: 40.6 MB.

Unloading 2 unused Assets to reduce memory usage. Loaded Objects now: 1726.
Total: 1.744800 ms (FindLiveObjects: 0.121300 ms CreateObjectMapping: 0.040900 ms MarkObjects: 1.566700 ms  DeleteObjects: 0.014900 ms)

========================================================================
Received Prepare
Registering precompiled user dll's ...
Registered in 0.001250 seconds.
Begin MonoManager ReloadAssembly
Native extension for WindowsStandalone target not found
Native extension for WebGL target not found
Refreshing native plugins compatible for Editor in 0.36 ms, found 0 plugins.
Preloading 0 native plugins for Editor in 0.00 ms.
Mono: successfully reloaded assembly
- Completed reload, in  6.739 seconds
Platform modules already initialized, skipping
Refreshing native plugins compatible for Editor in 0.29 ms, found 0 plugins.
Preloading 0 native plugins for Editor in 0.00 ms.
Unloading 1244 Unused Serialized files (Serialized files now loaded: 0)
System memory in use before: 65.1 MB.
System memory in use after: 65.2 MB.

Unloading 4 unused Assets to reduce memory usage. Loaded Objects now: 1729.
Total: 1.690300 ms (FindLiveObjects: 0.128900 ms CreateObjectMapping: 0.037500 ms MarkObjects: 1.476800 ms  DeleteObjects: 0.045900 ms)

========================================================================
Received Prepare
Refreshing native plugins compatible for Editor in 0.81 ms, found 0 plugins.
Preloading 0 native plugins for Editor in 0.00 ms.
Unloading 3 Unused Serialized files (Serialized files now loaded: 0)
System memory in use before: 40.5 MB.
System memory in use after: 40.6 MB.

Unloading 2 unused Assets to reduce memory usage. Loaded Objects now: 1729.
Total: 1.554400 ms (FindLiveObjects: 0.120200 ms CreateObjectMapping: 0.035900 ms MarkObjects: 1.385400 ms  DeleteObjects: 0.012000 ms)

AssetImportWorkerClient::OnTransportError - code=2 error=End of file
